[debug] [2024-05-18T20:08:35.170Z] ----------------------------------------------------------------------
[debug] [2024-05-18T20:08:35.172Z] Command:       D:\apps\node.exe C:\Users\Ahmed\AppData\Roaming\npm\node_modules\firebase-tools\lib\bin\firebase.js init functions
[debug] [2024-05-18T20:08:35.173Z] CLI Version:   12.4.6
[debug] [2024-05-18T20:08:35.173Z] Platform:      win32
[debug] [2024-05-18T20:08:35.173Z] Node Version:  v20.11.1
[debug] [2024-05-18T20:08:35.174Z] Time:          Sat May 18 2024 23:08:35 GMT+0300 (Eastern European Summer Time)
[debug] [2024-05-18T20:08:35.174Z] ----------------------------------------------------------------------
[debug] 
[debug] [2024-05-18T20:08:35.178Z] >>> [apiv2][query] GET https://firebase-public.firebaseio.com/cli.json [none]
[debug] [2024-05-18T20:08:35.255Z] > command requires scopes: ["email","openid","https://www.googleapis.com/auth/cloudplatformprojects.readonly","https://www.googleapis.com/auth/firebase","https://www.googleapis.com/auth/cloud-platform"]
[debug] [2024-05-18T20:08:35.256Z] > authorizing via signed-in user (ah6904562@gmail.com)
[info] 
     ######## #### ########  ######## ########     ###     ######  ########
     ##        ##  ##     ## ##       ##     ##  ##   ##  ##       ##
     ######    ##  ########  ######   ########  #########  ######  ######
     ##        ##  ##    ##  ##       ##     ## ##     ##       ## ##
     ##       #### ##     ## ######## ########  ##     ##  ######  ########

You're about to initialize a Firebase project in this directory:

  D:\GPFrontend

[debug] [2024-05-18T20:08:35.806Z] <<< [apiv2][status] GET https://firebase-public.firebaseio.com/cli.json 200
[debug] [2024-05-18T20:08:35.807Z] <<< [apiv2][body] GET https://firebase-public.firebaseio.com/cli.json {"cloudBuildErrorAfter":1594252800000,"cloudBuildWarnAfter":1590019200000,"defaultNode10After":1594252800000,"minVersion":"3.0.5","node8DeploysDisabledAfter":1613390400000,"node8RuntimeDisabledAfter":1615809600000,"node8WarnAfter":1600128000000}
[info] 
=== Project Setup
[info] 
[info] First, let's associate this project directory with a Firebase project.
[info] You can create multiple project aliases by running firebase use --add, 
[info] but for now we'll just set up a default project.
[info] 
